/cluster/home/abecer02/.local/lib/python3.8/site-packages/qiskit/visualization/counts_visualization.py:389: UserWarning: Attempting to set identical bottom == top == 0.0 results in singular transformations; automatically expanding.
  ax.set_ylim([min_ylim, min([1.1 * sum(all_vals), max(1.1 * val for val in all_vals)])])
/cluster/home/abecer02/.local/lib/python3.8/site-packages/qiskit/visualization/counts_visualization.py:389: UserWarning: Attempting to set identical bottom == top == 0.0 results in singular transformations; automatically expanding.
  ax.set_ylim([min_ylim, min([1.1 * sum(all_vals), max(1.1 * val for val in all_vals)])])
/cluster/home/abecer02/.local/lib/python3.8/site-packages/qiskit/visualization/counts_visualization.py:389: UserWarning: Attempting to set identical bottom == top == 0.0 results in singular transformations; automatically expanding.
  ax.set_ylim([min_ylim, min([1.1 * sum(all_vals), max(1.1 * val for val in all_vals)])])
/cluster/home/abecer02/.local/lib/python3.8/site-packages/qiskit/visualization/counts_visualization.py:389: UserWarning: Attempting to set identical bottom == top == 0.0 results in singular transformations; automatically expanding.
  ax.set_ylim([min_ylim, min([1.1 * sum(all_vals), max(1.1 * val for val in all_vals)])])
/cluster/home/abecer02/.local/lib/python3.8/site-packages/qiskit/visualization/counts_visualization.py:389: UserWarning: Attempting to set identical bottom == top == 0.0 results in singular transformations; automatically expanding.
  ax.set_ylim([min_ylim, min([1.1 * sum(all_vals), max(1.1 * val for val in all_vals)])])
Traceback (most recent call last):
  File "/cluster/tufts/hpc/tools/anaconda/202105/lib/python3.8/site-packages/numpy/lib/npyio.py", line 447, in load
    return pickle.load(fid, **pickle_kwargs)
EOFError: Ran out of input

During handling of the above exception, another exception occurred:

Traceback (most recent call last):
  File "mpi4qiskit_1.py", line 117, in <module>
    weights = list(np.load('weights_'+str(sys.argv[1])+'.npy', allow_pickle=True)[0][fullenc].values())
  File "/cluster/tufts/hpc/tools/anaconda/202105/lib/python3.8/site-packages/numpy/lib/npyio.py", line 449, in load
    raise IOError(
OSError: Failed to interpret file 'weights_7.npy' as a pickle
/cluster/home/abecer02/.local/lib/python3.8/site-packages/qiskit/visualization/counts_visualization.py:389: UserWarning: Attempting to set identical bottom == top == 0.0 results in singular transformations; automatically expanding.
  ax.set_ylim([min_ylim, min([1.1 * sum(all_vals), max(1.1 * val for val in all_vals)])])
/cluster/home/abecer02/.local/lib/python3.8/site-packages/qiskit/visualization/counts_visualization.py:389: UserWarning: Attempting to set identical bottom == top == 0.0 results in singular transformations; automatically expanding.
  ax.set_ylim([min_ylim, min([1.1 * sum(all_vals), max(1.1 * val for val in all_vals)])])
/cluster/home/abecer02/.local/lib/python3.8/site-packages/qiskit/visualization/counts_visualization.py:389: UserWarning: Attempting to set identical bottom == top == 0.0 results in singular transformations; automatically expanding.
  ax.set_ylim([min_ylim, min([1.1 * sum(all_vals), max(1.1 * val for val in all_vals)])])
/cluster/home/abecer02/.local/lib/python3.8/site-packages/qiskit/visualization/counts_visualization.py:389: UserWarning: Attempting to set identical bottom == top == 0.0 results in singular transformations; automatically expanding.
  ax.set_ylim([min_ylim, min([1.1 * sum(all_vals), max(1.1 * val for val in all_vals)])])
/cluster/home/abecer02/.local/lib/python3.8/site-packages/qiskit/visualization/counts_visualization.py:389: UserWarning: Attempting to set identical bottom == top == 0.0 results in singular transformations; automatically expanding.
  ax.set_ylim([min_ylim, min([1.1 * sum(all_vals), max(1.1 * val for val in all_vals)])])
/cluster/home/abecer02/.local/lib/python3.8/site-packages/qiskit/visualization/counts_visualization.py:389: UserWarning: Attempting to set identical bottom == top == 0.0 results in singular transformations; automatically expanding.
  ax.set_ylim([min_ylim, min([1.1 * sum(all_vals), max(1.1 * val for val in all_vals)])])
/cluster/home/abecer02/.local/lib/python3.8/site-packages/qiskit/visualization/counts_visualization.py:389: UserWarning: Attempting to set identical bottom == top == 0.0 results in singular transformations; automatically expanding.
  ax.set_ylim([min_ylim, min([1.1 * sum(all_vals), max(1.1 * val for val in all_vals)])])
/cluster/home/abecer02/.local/lib/python3.8/site-packages/qiskit/visualization/counts_visualization.py:389: UserWarning: Attempting to set identical bottom == top == 0.0 results in singular transformations; automatically expanding.
  ax.set_ylim([min_ylim, min([1.1 * sum(all_vals), max(1.1 * val for val in all_vals)])])
/cluster/home/abecer02/.local/lib/python3.8/site-packages/qiskit/visualization/counts_visualization.py:389: UserWarning: Attempting to set identical bottom == top == 0.0 results in singular transformations; automatically expanding.
  ax.set_ylim([min_ylim, min([1.1 * sum(all_vals), max(1.1 * val for val in all_vals)])])
/cluster/home/abecer02/.local/lib/python3.8/site-packages/qiskit/visualization/counts_visualization.py:389: UserWarning: Attempting to set identical bottom == top == 0.0 results in singular transformations; automatically expanding.
  ax.set_ylim([min_ylim, min([1.1 * sum(all_vals), max(1.1 * val for val in all_vals)])])
/cluster/home/abecer02/.local/lib/python3.8/site-packages/qiskit/visualization/counts_visualization.py:389: UserWarning: Attempting to set identical bottom == top == 0.0 results in singular transformations; automatically expanding.
  ax.set_ylim([min_ylim, min([1.1 * sum(all_vals), max(1.1 * val for val in all_vals)])])
/cluster/home/abecer02/.local/lib/python3.8/site-packages/qiskit/visualization/counts_visualization.py:389: UserWarning: Attempting to set identical bottom == top == 0.0 results in singular transformations; automatically expanding.
  ax.set_ylim([min_ylim, min([1.1 * sum(all_vals), max(1.1 * val for val in all_vals)])])
--------------------------------------------------------------------------
Primary job  terminated normally, but 1 process returned
a non-zero exit code. Per user-direction, the job has been aborted.
--------------------------------------------------------------------------
--------------------------------------------------------------------------
mpirun detected that one or more processes exited with non-zero status, thus causing
the job to be terminated. The first process to do so was:

  Process name: [[51542,1],10]
  Exit code:    1
--------------------------------------------------------------------------
3.5470400000000004
